
> openclaw-master-control@1.0.0 dev /home/andrei/openclaw-master-control
> vite --host 127.0.0.1


  VITE v6.4.1  ready in 176 ms

  ➜  Local:   http://127.0.0.1:5173/
2:52:16 PM [vite] (client) hmr update /components/DashboardContent.tsx
2:55:40 PM [vite] (client) hmr update /App.tsx, /components/DashboardContent.tsx, /components/Sidebar.tsx
2:55:53 PM [vite] (client) hmr update /components/DashboardContent.tsx, /components/Sidebar.tsx
2:56:00 PM [vite] (client) hmr update /components/DashboardContent.tsx
2:57:43 PM [vite] (client) hmr update /components/DashboardContent.tsx
2:59:24 PM [vite] (client) hmr update /components/DashboardContent.tsx
2:59:27 PM [vite] (client) hmr update /components/DashboardContent.tsx
3:01:57 PM [vite] (client) hmr update /App.tsx, /components/DashboardContent.tsx, /components/Sidebar.tsx
3:02:00 PM [vite] (client) hmr update /App.tsx
3:02:04 PM [vite] (client) hmr update /components/DashboardContent.tsx
3:02:14 PM [vite] (client) hmr update /components/DashboardContent.tsx
3:02:17 PM [vite] (client) hmr update /App.tsx
3:07:05 PM [vite] (client) hmr update /components/DashboardContent.tsx
3:07:37 PM [vite] (client) hmr update /components/DashboardContent.tsx
3:08:42 PM [vite] (client) hmr update /components/DashboardContent.tsx
3:10:06 PM [vite] (client) hmr update /components/Sidebar.tsx
3:10:52 PM [vite] (client) hmr update /components/Sidebar.tsx
3:12:03 PM [vite] (client) hmr update /components/Sidebar.tsx
3:13:11 PM [vite] (client) hmr update /components/Sidebar.tsx
3:13:54 PM [vite] (client) hmr update /components/Sidebar.tsx
3:22:46 PM [vite] (client) hmr update /components/Terminal.tsx
3:23:10 PM [vite] (client) hmr update /App.tsx
